# JRE version: OpenJDK Runtime Environment (8.0_202-b03) (build 1.8.0_202-release-1483-b03)
# Java VM: OpenJDK 64-Bit Server VM (25.202-b03 mixed mode windows-amd64 compressed oops)
Heap:
 PSYoungGen      total 313856K, used 187144K [0x00000000e0000000, 0x00000000f6200000, 0x0000000100000000)
  eden space 275456K, 58% used [0x00000000e0000000,0x00000000e9e47018,0x00000000f0d00000)
  from space 38400K, 65% used [0x00000000f3c80000,0x00000000f54fb350,0x00000000f6200000)
  to   space 43520K, 0% used [0x00000000f0d00000,0x00000000f0d00000,0x00000000f3780000)
 ParOldGen       total 235008K, used 82316K [0x00000000a0000000, 0x00000000ae580000, 0x00000000e0000000)
  object space 235008K, 35% used [0x00000000a0000000,0x00000000a50633d8,0x00000000ae580000)
 Metaspace       used 111944K, capacity 117940K, committed 118144K, reserved 1150976K
  class space    used 14579K, capacity 15699K, committed 15744K, reserved 1048576K
GC Heap History (10 events):
Event: 80.718 GC heap before
{Heap before GC invocations=20 (full 3):
 PSYoungGen      total 242688K, used 232189K [0x00000000e0000000, 0x00000000f1580000, 0x0000000100000000)
  eden space 210432K, 95% used [0x00000000e0000000,0x00000000ec41af18,0x00000000ecd80000)
  from space 32256K, 97% used [0x00000000ef380000,0x00000000f1224660,0x00000000f1300000)
  to   space 36864K, 0% used [0x00000000ecd80000,0x00000000ecd80000,0x00000000ef180000)
 ParOldGen       total 147456K, used 58299K [0x00000000a0000000, 0x00000000a9000000, 0x00000000e0000000)
  object space 147456K, 39% used [0x00000000a0000000,0x00000000a38eed98,0x00000000a9000000)
 Metaspace       used 93920K, capacity 98514K, committed 98600K, reserved 1134592K
  class space    used 12526K, capacity 13408K, committed 13440K, reserved 1048576K
Event: 80.767 GC heap after
Heap after GC invocations=20 (full 3):
 PSYoungGen      total 247296K, used 36832K [0x00000000e0000000, 0x00000000f4480000, 0x0000000100000000)
  eden space 210432K, 0% used [0x00000000e0000000,0x00000000e0000000,0x00000000ecd80000)
  from space 36864K, 99% used [0x00000000ecd80000,0x00000000ef178150,0x00000000ef180000)
  to   space 45056K, 0% used [0x00000000f1880000,0x00000000f1880000,0x00000000f4480000)
 ParOldGen       total 147456K, used 65223K [0x00000000a0000000, 0x00000000a9000000, 0x00000000e0000000)
  object space 147456K, 44% used [0x00000000a0000000,0x00000000a3fb1d68,0x00000000a9000000)
 Metaspace       used 93920K, capacity 98514K, committed 98600K, reserved 1134592K
  class space    used 12526K, capacity 13408K, committed 13440K, reserved 1048576K
}
Event: 80.767 GC heap before
{Heap before GC invocations=21 (full 4):
 PSYoungGen      total 247296K, used 36832K [0x00000000e0000000, 0x00000000f4480000, 0x0000000100000000)
  eden space 210432K, 0% used [0x00000000e0000000,0x00000000e0000000,0x00000000ecd80000)
  from space 36864K, 99% used [0x00000000ecd80000,0x00000000ef178150,0x00000000ef180000)
  to   space 45056K, 0% used [0x00000000f1880000,0x00000000f1880000,0x00000000f4480000)
 ParOldGen       total 147456K, used 65223K [0x00000000a0000000, 0x00000000a9000000, 0x00000000e0000000)
  object space 147456K, 44% used [0x00000000a0000000,0x00000000a3fb1d68,0x00000000a9000000)
 Metaspace       used 93920K, capacity 98514K, committed 98600K, reserved 1134592K
  class space    used 12526K, capacity 13408K, committed 13440K, reserved 1048576K
Event: 81.535 GC heap after
Heap after GC invocations=21 (full 4):
 PSYoungGen      total 247296K, used 0K [0x00000000e0000000, 0x00000000f4480000, 0x0000000100000000)
  eden space 210432K, 0% used [0x00000000e0000000,0x00000000e0000000,0x00000000ecd80000)
  from space 36864K, 0% used [0x00000000ecd80000,0x00000000ecd80000,0x00000000ef180000)
  to   space 45056K, 0% used [0x00000000f1880000,0x00000000f1880000,0x00000000f4480000)
 ParOldGen       total 235008K, used 82292K [0x00000000a0000000, 0x00000000ae580000, 0x00000000e0000000)
  object space 235008K, 35% used [0x00000000a0000000,0x00000000a505d3d8,0x00000000ae580000)
 Metaspace       used 93817K, capacity 98232K, committed 98600K, reserved 1134592K
  class space    used 12491K, capacity 13345K, committed 13440K, reserved 1048576K
}
Event: 86.016 GC heap before
{Heap before GC invocations=22 (full 4):
 PSYoungGen      total 247296K, used 210432K [0x00000000e0000000, 0x00000000f4480000, 0x0000000100000000)
  eden space 210432K, 100% used [0x00000000e0000000,0x00000000ecd80000,0x00000000ecd80000)
  from space 36864K, 0% used [0x00000000ecd80000,0x00000000ecd80000,0x00000000ef180000)
  to   space 45056K, 0% used [0x00000000f1880000,0x00000000f1880000,0x00000000f4480000)
 ParOldGen       total 235008K, used 82292K [0x00000000a0000000, 0x00000000ae580000, 0x00000000e0000000)
  object space 235008K, 35% used [0x00000000a0000000,0x00000000a505d3d8,0x00000000ae580000)
 Metaspace       used 96894K, capacity 101408K, committed 101760K, reserved 1136640K
  class space    used 12778K, capacity 13637K, committed 13696K, reserved 1048576K
Event: 86.038 GC heap after
Heap after GC invocations=22 (full 4):
 PSYoungGen      total 282112K, used 12286K [0x00000000e0000000, 0x00000000f4080000, 0x0000000100000000)
  eden space 241152K, 0% used [0x00000000e0000000,0x00000000e0000000,0x00000000eeb80000)
  from space 40960K, 29% used [0x00000000f1880000,0x00000000f247f9e8,0x00000000f4080000)
  to   space 43520K, 0% used [0x00000000eeb80000,0x00000000eeb80000,0x00000000f1600000)
 ParOldGen       total 235008K, used 82300K [0x00000000a0000000, 0x00000000ae580000, 0x00000000e0000000)
  object space 235008K, 35% used [0x00000000a0000000,0x00000000a505f3d8,0x00000000ae580000)
 Metaspace       used 96894K, capacity 101408K, committed 101760K, reserved 1136640K
  class space    used 12778K, capacity 13637K, committed 13696K, reserved 1048576K
}
Event: 88.536 GC heap before
{Heap before GC invocations=23 (full 4):
 PSYoungGen      total 282112K, used 253438K [0x00000000e0000000, 0x00000000f4080000, 0x0000000100000000)
  eden space 241152K, 100% used [0x00000000e0000000,0x00000000eeb80000,0x00000000eeb80000)
  from space 40960K, 29% used [0x00000000f1880000,0x00000000f247f9e8,0x00000000f4080000)
  to   space 43520K, 0% used [0x00000000eeb80000,0x00000000eeb80000,0x00000000f1600000)
 ParOldGen       total 235008K, used 82300K [0x00000000a0000000, 0x00000000ae580000, 0x00000000e0000000)
  object space 235008K, 35% used [0x00000000a0000000,0x00000000a505f3d8,0x00000000ae580000)
 Metaspace       used 98140K, capacity 102858K, committed 102912K, reserved 1138688K
  class space    used 12903K, capacity 13786K, committed 13824K, reserved 1048576K
Event: 88.602 GC heap after
Heap after GC invocations=23 (full 4):
 PSYoungGen      total 284672K, used 24769K [0x00000000e0000000, 0x00000000f6700000, 0x0000000100000000)
  eden space 241152K, 0% used [0x00000000e0000000,0x00000000e0000000,0x00000000eeb80000)
  from space 43520K, 56% used [0x00000000eeb80000,0x00000000f03b04b0,0x00000000f1600000)
  to   space 43520K, 0% used [0x00000000f3c80000,0x00000000f3c80000,0x00000000f6700000)
 ParOldGen       total 235008K, used 82308K [0x00000000a0000000, 0x00000000ae580000, 0x00000000e0000000)
  object space 235008K, 35% used [0x00000000a0000000,0x00000000a50613d8,0x00000000ae580000)
 Metaspace       used 98140K, capacity 102858K, committed 102912K, reserved 1138688K
  class space    used 12903K, capacity 13786K, committed 13824K, reserved 1048576K
}
Event: 150.401 GC heap before
{Heap before GC invocations=24 (full 4):
 PSYoungGen      total 284672K, used 265921K [0x00000000e0000000, 0x00000000f6700000, 0x0000000100000000)
  eden space 241152K, 100% used [0x00000000e0000000,0x00000000eeb80000,0x00000000eeb80000)
  from space 43520K, 56% used [0x00000000eeb80000,0x00000000f03b04b0,0x00000000f1600000)
  to   space 43520K, 0% used [0x00000000f3c80000,0x00000000f3c80000,0x00000000f6700000)
 ParOldGen       total 235008K, used 82308K [0x00000000a0000000, 0x00000000ae580000, 0x00000000e0000000)
  object space 235008K, 35% used [0x00000000a0000000,0x00000000a50613d8,0x00000000ae580000)
 Metaspace       used 109244K, capacity 114964K, committed 115072K, reserved 1148928K
  class space    used 14314K, capacity 15403K, committed 15488K, reserved 1048576K
Event: 150.592 GC heap after
Heap after GC invocations=24 (full 4):
 PSYoungGen      total 313856K, used 25068K [0x00000000e0000000, 0x00000000f6200000, 0x0000000100000000)
  eden space 275456K, 0% used [0x00000000e0000000,0x00000000e0000000,0x00000000f0d00000)
  from space 38400K, 65% used [0x00000000f3c80000,0x00000000f54fb350,0x00000000f6200000)
  to   space 43520K, 0% used [0x00000000f0d00000,0x00000000f0d00000,0x00000000f3780000)
 ParOldGen       total 235008K, used 82316K [0x00000000a0000000, 0x00000000ae580000, 0x00000000e0000000)
  object space 235008K, 35% used [0x00000000a0000000,0x00000000a50633d8,0x00000000ae580000)
 Metaspace       used 109244K, capacity 114964K, committed 115072K, reserved 1148928K
  class space    used 14314K, capacity 15403K, committed 15488K, reserved 1048576K
}

