# JRE version: OpenJDK Runtime Environment (8.0_202-b03) (build 1.8.0_202-release-1483-b03)
# Java VM: OpenJDK 64-Bit Server VM (25.202-b03 mixed mode windows-amd64 compressed oops)
Heap:
 PSYoungGen      total 146944K, used 49946K [0x00000000e0000000, 0x00000000ea600000, 0x0000000100000000)
  eden space 134656K, 27% used [0x00000000e0000000,0x00000000e24c6b68,0x00000000e8380000)
  from space 12288K, 99% used [0x00000000e9a00000,0x00000000ea5ffeb0,0x00000000ea600000)
  to   space 14336K, 0% used [0x00000000e8a00000,0x00000000e8a00000,0x00000000e9800000)
 ParOldGen       total 91136K, used 19862K [0x00000000a0000000, 0x00000000a5900000, 0x00000000e0000000)
  object space 91136K, 21% used [0x00000000a0000000,0x00000000a13658b0,0x00000000a5900000)
 Metaspace       used 48696K, capacity 49946K, committed 50216K, reserved 1093632K
  class space    used 6586K, capacity 6910K, committed 6952K, reserved 1048576K
GC Heap History (10 events):
Event: 4.897 GC heap before
{Heap before GC invocations=8 (full 1):
 PSYoungGen      total 76288K, used 65536K [0x00000000e0000000, 0x00000000e5500000, 0x0000000100000000)
  eden space 65536K, 100% used [0x00000000e0000000,0x00000000e4000000,0x00000000e4000000)
  from space 10752K, 0% used [0x00000000e4a80000,0x00000000e4a80000,0x00000000e5500000)
  to   space 10752K, 0% used [0x00000000e4000000,0x00000000e4000000,0x00000000e4a80000)
 ParOldGen       total 58880K, used 8579K [0x00000000a0000000, 0x00000000a3980000, 0x00000000e0000000)
  object space 58880K, 14% used [0x00000000a0000000,0x00000000a0860ea0,0x00000000a3980000)
 Metaspace       used 29000K, capacity 29478K, committed 29696K, reserved 1075200K
  class space    used 3913K, capacity 4096K, committed 4096K, reserved 1048576K
Event: 4.916 GC heap after
Heap after GC invocations=8 (full 1):
 PSYoungGen      total 76288K, used 8069K [0x00000000e0000000, 0x00000000e7c00000, 0x0000000100000000)
  eden space 65536K, 0% used [0x00000000e0000000,0x00000000e0000000,0x00000000e4000000)
  from space 10752K, 75% used [0x00000000e4000000,0x00000000e47e16c0,0x00000000e4a80000)
  to   space 10752K, 0% used [0x00000000e7180000,0x00000000e7180000,0x00000000e7c00000)
 ParOldGen       total 58880K, used 8587K [0x00000000a0000000, 0x00000000a3980000, 0x00000000e0000000)
  object space 58880K, 14% used [0x00000000a0000000,0x00000000a0862ea0,0x00000000a3980000)
 Metaspace       used 29000K, capacity 29478K, committed 29696K, reserved 1075200K
  class space    used 3913K, capacity 4096K, committed 4096K, reserved 1048576K
}
Event: 5.793 GC heap before
{Heap before GC invocations=9 (full 1):
 PSYoungGen      total 76288K, used 73605K [0x00000000e0000000, 0x00000000e7c00000, 0x0000000100000000)
  eden space 65536K, 100% used [0x00000000e0000000,0x00000000e4000000,0x00000000e4000000)
  from space 10752K, 75% used [0x00000000e4000000,0x00000000e47e16c0,0x00000000e4a80000)
  to   space 10752K, 0% used [0x00000000e7180000,0x00000000e7180000,0x00000000e7c00000)
 ParOldGen       total 58880K, used 8587K [0x00000000a0000000, 0x00000000a3980000, 0x00000000e0000000)
  object space 58880K, 14% used [0x00000000a0000000,0x00000000a0862ea0,0x00000000a3980000)
 Metaspace       used 32246K, capacity 32778K, committed 33152K, reserved 1077248K
  class space    used 4445K, capacity 4620K, committed 4736K, reserved 1048576K
Event: 5.810 GC heap after
Heap after GC invocations=9 (full 1):
 PSYoungGen      total 116224K, used 8472K [0x00000000e0000000, 0x00000000e7c00000, 0x0000000100000000)
  eden space 105472K, 0% used [0x00000000e0000000,0x00000000e0000000,0x00000000e6700000)
  from space 10752K, 78% used [0x00000000e7180000,0x00000000e79c6040,0x00000000e7c00000)
  to   space 10752K, 0% used [0x00000000e6700000,0x00000000e6700000,0x00000000e7180000)
 ParOldGen       total 58880K, used 8595K [0x00000000a0000000, 0x00000000a3980000, 0x00000000e0000000)
  object space 58880K, 14% used [0x00000000a0000000,0x00000000a0864ea0,0x00000000a3980000)
 Metaspace       used 32246K, capacity 32778K, committed 33152K, reserved 1077248K
  class space    used 4445K, capacity 4620K, committed 4736K, reserved 1048576K
}
Event: 6.796 GC heap before
{Heap before GC invocations=10 (full 1):
 PSYoungGen      total 116224K, used 59548K [0x00000000e0000000, 0x00000000e7c00000, 0x0000000100000000)
  eden space 105472K, 48% used [0x00000000e0000000,0x00000000e31e12b8,0x00000000e6700000)
  from space 10752K, 78% used [0x00000000e7180000,0x00000000e79c6040,0x00000000e7c00000)
  to   space 10752K, 0% used [0x00000000e6700000,0x00000000e6700000,0x00000000e7180000)
 ParOldGen       total 58880K, used 8595K [0x00000000a0000000, 0x00000000a3980000, 0x00000000e0000000)
  object space 58880K, 14% used [0x00000000a0000000,0x00000000a0864ea0,0x00000000a3980000)
 Metaspace       used 34729K, capacity 35432K, committed 35496K, reserved 1079296K
  class space    used 4782K, capacity 4997K, committed 5032K, reserved 1048576K
Event: 6.822 GC heap after
Heap after GC invocations=10 (full 1):
 PSYoungGen      total 116224K, used 10741K [0x00000000e0000000, 0x00000000ea600000, 0x0000000100000000)
  eden space 105472K, 0% used [0x00000000e0000000,0x00000000e0000000,0x00000000e6700000)
  from space 10752K, 99% used [0x00000000e6700000,0x00000000e717d4e8,0x00000000e7180000)
  to   space 12288K, 0% used [0x00000000e9a00000,0x00000000e9a00000,0x00000000ea600000)
 ParOldGen       total 58880K, used 8684K [0x00000000a0000000, 0x00000000a3980000, 0x00000000e0000000)
  object space 58880K, 14% used [0x00000000a0000000,0x00000000a087b278,0x00000000a3980000)
 Metaspace       used 34729K, capacity 35432K, committed 35496K, reserved 1079296K
  class space    used 4782K, capacity 4997K, committed 5032K, reserved 1048576K
}
Event: 6.822 GC heap before
{Heap before GC invocations=11 (full 2):
 PSYoungGen      total 116224K, used 10741K [0x00000000e0000000, 0x00000000ea600000, 0x0000000100000000)
  eden space 105472K, 0% used [0x00000000e0000000,0x00000000e0000000,0x00000000e6700000)
  from space 10752K, 99% used [0x00000000e6700000,0x00000000e717d4e8,0x00000000e7180000)
  to   space 12288K, 0% used [0x00000000e9a00000,0x00000000e9a00000,0x00000000ea600000)
 ParOldGen       total 58880K, used 8684K [0x00000000a0000000, 0x00000000a3980000, 0x00000000e0000000)
  object space 58880K, 14% used [0x00000000a0000000,0x00000000a087b278,0x00000000a3980000)
 Metaspace       used 34729K, capacity 35432K, committed 35496K, reserved 1079296K
  class space    used 4782K, capacity 4997K, committed 5032K, reserved 1048576K
Event: 6.915 GC heap after
Heap after GC invocations=11 (full 2):
 PSYoungGen      total 116224K, used 0K [0x00000000e0000000, 0x00000000ea600000, 0x0000000100000000)
  eden space 105472K, 0% used [0x00000000e0000000,0x00000000e0000000,0x00000000e6700000)
  from space 10752K, 0% used [0x00000000e6700000,0x00000000e6700000,0x00000000e7180000)
  to   space 12288K, 0% used [0x00000000e9a00000,0x00000000e9a00000,0x00000000ea600000)
 ParOldGen       total 91136K, used 17772K [0x00000000a0000000, 0x00000000a5900000, 0x00000000e0000000)
  object space 91136K, 19% used [0x00000000a0000000,0x00000000a115b138,0x00000000a5900000)
 Metaspace       used 34716K, capacity 35390K, committed 35496K, reserved 1079296K
  class space    used 4778K, capacity 4990K, committed 5032K, reserved 1048576K
}
Event: 8.548 GC heap before
{Heap before GC invocations=12 (full 2):
 PSYoungGen      total 116224K, used 105472K [0x00000000e0000000, 0x00000000ea600000, 0x0000000100000000)
  eden space 105472K, 100% used [0x00000000e0000000,0x00000000e6700000,0x00000000e6700000)
  from space 10752K, 0% used [0x00000000e6700000,0x00000000e6700000,0x00000000e7180000)
  to   space 12288K, 0% used [0x00000000e9a00000,0x00000000e9a00000,0x00000000ea600000)
 ParOldGen       total 91136K, used 17772K [0x00000000a0000000, 0x00000000a5900000, 0x00000000e0000000)
  object space 91136K, 19% used [0x00000000a0000000,0x00000000a115b138,0x00000000a5900000)
 Metaspace       used 45355K, capacity 46300K, committed 46632K, reserved 1089536K
  class space    used 6112K, capacity 6380K, committed 6440K, reserved 1048576K
Event: 8.565 GC heap after
Heap after GC invocations=12 (full 2):
 PSYoungGen      total 146944K, used 12287K [0x00000000e0000000, 0x00000000ea600000, 0x0000000100000000)
  eden space 134656K, 0% used [0x00000000e0000000,0x00000000e0000000,0x00000000e8380000)
  from space 12288K, 99% used [0x00000000e9a00000,0x00000000ea5ffeb0,0x00000000ea600000)
  to   space 14336K, 0% used [0x00000000e8a00000,0x00000000e8a00000,0x00000000e9800000)
 ParOldGen       total 91136K, used 19862K [0x00000000a0000000, 0x00000000a5900000, 0x00000000e0000000)
  object space 91136K, 21% used [0x00000000a0000000,0x00000000a13658b0,0x00000000a5900000)
 Metaspace       used 45355K, capacity 46300K, committed 46632K, reserved 1089536K
  class space    used 6112K, capacity 6380K, committed 6440K, reserved 1048576K
}

