# JRE version: OpenJDK Runtime Environment (8.0_202-b03) (build 1.8.0_202-release-1483-b03)
# Java VM: OpenJDK 64-Bit Server VM (25.202-b03 mixed mode windows-amd64 compressed oops)
Heap:
 PSYoungGen      total 118784K, used 32987K [0x00000000e0000000, 0x00000000e8a80000, 0x0000000100000000)
  eden space 103936K, 31% used [0x00000000e0000000,0x00000000e2036d98,0x00000000e6580000)
  from space 14848K, 0% used [0x00000000e6580000,0x00000000e6580000,0x00000000e7400000)
  to   space 12800K, 0% used [0x00000000e7400000,0x00000000e7400000,0x00000000e8080000)
 ParOldGen       total 92672K, used 29586K [0x00000000a0000000, 0x00000000a5a80000, 0x00000000e0000000)
  object space 92672K, 31% used [0x00000000a0000000,0x00000000a1ce4848,0x00000000a5a80000)
 Metaspace       used 58747K, capacity 60894K, committed 61080K, reserved 1101824K
  class space    used 8033K, capacity 8514K, committed 8616K, reserved 1048576K
GC Heap History (10 events):
Event: 11.409 GC heap before
{Heap before GC invocations=14 (full 2):
 PSYoungGen      total 76800K, used 66048K [0x00000000e0000000, 0x00000000e6e80000, 0x0000000100000000)
  eden space 66048K, 100% used [0x00000000e0000000,0x00000000e4080000,0x00000000e4080000)
  from space 10752K, 0% used [0x00000000e4080000,0x00000000e4080000,0x00000000e4b00000)
  to   space 10752K, 0% used [0x00000000e6400000,0x00000000e6400000,0x00000000e6e80000)
 ParOldGen       total 92672K, used 16361K [0x00000000a0000000, 0x00000000a5a80000, 0x00000000e0000000)
  object space 92672K, 17% used [0x00000000a0000000,0x00000000a0ffa538,0x00000000a5a80000)
 Metaspace       used 42538K, capacity 43444K, committed 43688K, reserved 1087488K
  class space    used 5753K, capacity 5994K, committed 6056K, reserved 1048576K
Event: 11.428 GC heap after
Heap after GC invocations=14 (full 2):
 PSYoungGen      total 95232K, used 10729K [0x00000000e0000000, 0x00000000e6e80000, 0x0000000100000000)
  eden space 84480K, 0% used [0x00000000e0000000,0x00000000e0000000,0x00000000e5280000)
  from space 10752K, 99% used [0x00000000e6400000,0x00000000e6e7a400,0x00000000e6e80000)
  to   space 12288K, 0% used [0x00000000e5680000,0x00000000e5680000,0x00000000e6280000)
 ParOldGen       total 92672K, used 17505K [0x00000000a0000000, 0x00000000a5a80000, 0x00000000e0000000)
  object space 92672K, 18% used [0x00000000a0000000,0x00000000a11186b8,0x00000000a5a80000)
 Metaspace       used 42538K, capacity 43444K, committed 43688K, reserved 1087488K
  class space    used 5753K, capacity 5994K, committed 6056K, reserved 1048576K
}
Event: 14.946 GC heap before
{Heap before GC invocations=15 (full 2):
 PSYoungGen      total 95232K, used 95209K [0x00000000e0000000, 0x00000000e6e80000, 0x0000000100000000)
  eden space 84480K, 100% used [0x00000000e0000000,0x00000000e5280000,0x00000000e5280000)
  from space 10752K, 99% used [0x00000000e6400000,0x00000000e6e7a400,0x00000000e6e80000)
  to   space 12288K, 0% used [0x00000000e5680000,0x00000000e5680000,0x00000000e6280000)
 ParOldGen       total 92672K, used 17505K [0x00000000a0000000, 0x00000000a5a80000, 0x00000000e0000000)
  object space 92672K, 18% used [0x00000000a0000000,0x00000000a11186b8,0x00000000a5a80000)
 Metaspace       used 49353K, capacity 50534K, committed 50856K, reserved 1093632K
  class space    used 6663K, capacity 6976K, committed 7080K, reserved 1048576K
Event: 14.967 GC heap after
Heap after GC invocations=15 (full 2):
 PSYoungGen      total 100864K, used 10398K [0x00000000e0000000, 0x00000000e8080000, 0x0000000100000000)
  eden space 88576K, 0% used [0x00000000e0000000,0x00000000e0000000,0x00000000e5680000)
  from space 12288K, 84% used [0x00000000e5680000,0x00000000e60a7b48,0x00000000e6280000)
  to   space 12800K, 0% used [0x00000000e7400000,0x00000000e7400000,0x00000000e8080000)
 ParOldGen       total 92672K, used 21589K [0x00000000a0000000, 0x00000000a5a80000, 0x00000000e0000000)
  object space 92672K, 23% used [0x00000000a0000000,0x00000000a1515480,0x00000000a5a80000)
 Metaspace       used 49353K, capacity 50534K, committed 50856K, reserved 1093632K
  class space    used 6663K, capacity 6976K, committed 7080K, reserved 1048576K
}
Event: 17.959 GC heap before
{Heap before GC invocations=16 (full 2):
 PSYoungGen      total 100864K, used 98974K [0x00000000e0000000, 0x00000000e8080000, 0x0000000100000000)
  eden space 88576K, 100% used [0x00000000e0000000,0x00000000e5680000,0x00000000e5680000)
  from space 12288K, 84% used [0x00000000e5680000,0x00000000e60a7b48,0x00000000e6280000)
  to   space 12800K, 0% used [0x00000000e7400000,0x00000000e7400000,0x00000000e8080000)
 ParOldGen       total 92672K, used 21589K [0x00000000a0000000, 0x00000000a5a80000, 0x00000000e0000000)
  object space 92672K, 23% used [0x00000000a0000000,0x00000000a1515480,0x00000000a5a80000)
 Metaspace       used 56460K, capacity 57920K, committed 58024K, reserved 1099776K
  class space    used 7683K, capacity 8085K, committed 8104K, reserved 1048576K
Event: 18.020 GC heap after
Heap after GC invocations=16 (full 2):
 PSYoungGen      total 116736K, used 12785K [0x00000000e0000000, 0x00000000e8a80000, 0x0000000100000000)
  eden space 103936K, 0% used [0x00000000e0000000,0x00000000e0000000,0x00000000e6580000)
  from space 12800K, 99% used [0x00000000e7400000,0x00000000e807c4e0,0x00000000e8080000)
  to   space 14848K, 0% used [0x00000000e6580000,0x00000000e6580000,0x00000000e7400000)
 ParOldGen       total 92672K, used 23242K [0x00000000a0000000, 0x00000000a5a80000, 0x00000000e0000000)
  object space 92672K, 25% used [0x00000000a0000000,0x00000000a16b28a0,0x00000000a5a80000)
 Metaspace       used 56460K, capacity 57920K, committed 58024K, reserved 1099776K
  class space    used 7683K, capacity 8085K, committed 8104K, reserved 1048576K
}
Event: 18.669 GC heap before
{Heap before GC invocations=17 (full 2):
 PSYoungGen      total 116736K, used 29251K [0x00000000e0000000, 0x00000000e8a80000, 0x0000000100000000)
  eden space 103936K, 15% used [0x00000000e0000000,0x00000000e1014ad0,0x00000000e6580000)
  from space 12800K, 99% used [0x00000000e7400000,0x00000000e807c4e0,0x00000000e8080000)
  to   space 14848K, 0% used [0x00000000e6580000,0x00000000e6580000,0x00000000e7400000)
 ParOldGen       total 92672K, used 23242K [0x00000000a0000000, 0x00000000a5a80000, 0x00000000e0000000)
  object space 92672K, 25% used [0x00000000a0000000,0x00000000a16b28a0,0x00000000a5a80000)
 Metaspace       used 57490K, capacity 59094K, committed 59160K, reserved 1099776K
  class space    used 7810K, capacity 8228K, committed 8232K, reserved 1048576K
Event: 18.711 GC heap after
Heap after GC invocations=17 (full 2):
 PSYoungGen      total 118784K, used 2050K [0x00000000e0000000, 0x00000000e8a80000, 0x0000000100000000)
  eden space 103936K, 0% used [0x00000000e0000000,0x00000000e0000000,0x00000000e6580000)
  from space 14848K, 13% used [0x00000000e6580000,0x00000000e6780878,0x00000000e7400000)
  to   space 12800K, 0% used [0x00000000e7400000,0x00000000e7400000,0x00000000e8080000)
 ParOldGen       total 92672K, used 31665K [0x00000000a0000000, 0x00000000a5a80000, 0x00000000e0000000)
  object space 92672K, 34% used [0x00000000a0000000,0x00000000a1eec7f0,0x00000000a5a80000)
 Metaspace       used 57490K, capacity 59094K, committed 59160K, reserved 1099776K
  class space    used 7810K, capacity 8228K, committed 8232K, reserved 1048576K
}
Event: 18.711 GC heap before
{Heap before GC invocations=18 (full 3):
 PSYoungGen      total 118784K, used 2050K [0x00000000e0000000, 0x00000000e8a80000, 0x0000000100000000)
  eden space 103936K, 0% used [0x00000000e0000000,0x00000000e0000000,0x00000000e6580000)
  from space 14848K, 13% used [0x00000000e6580000,0x00000000e6780878,0x00000000e7400000)
  to   space 12800K, 0% used [0x00000000e7400000,0x00000000e7400000,0x00000000e8080000)
 ParOldGen       total 92672K, used 31665K [0x00000000a0000000, 0x00000000a5a80000, 0x00000000e0000000)
  object space 92672K, 34% used [0x00000000a0000000,0x00000000a1eec7f0,0x00000000a5a80000)
 Metaspace       used 57490K, capacity 59094K, committed 59160K, reserved 1099776K
  class space    used 7810K, capacity 8228K, committed 8232K, reserved 1048576K
Event: 19.169 GC heap after
Heap after GC invocations=18 (full 3):
 PSYoungGen      total 118784K, used 0K [0x00000000e0000000, 0x00000000e8a80000, 0x0000000100000000)
  eden space 103936K, 0% used [0x00000000e0000000,0x00000000e0000000,0x00000000e6580000)
  from space 14848K, 0% used [0x00000000e6580000,0x00000000e6580000,0x00000000e7400000)
  to   space 12800K, 0% used [0x00000000e7400000,0x00000000e7400000,0x00000000e8080000)
 ParOldGen       total 92672K, used 29586K [0x00000000a0000000, 0x00000000a5a80000, 0x00000000e0000000)
  object space 92672K, 31% used [0x00000000a0000000,0x00000000a1ce4848,0x00000000a5a80000)
 Metaspace       used 57490K, capacity 59094K, committed 59160K, reserved 1099776K
  class space    used 7810K, capacity 8228K, committed 8232K, reserved 1048576K
}

