# JRE version: OpenJDK Runtime Environment (8.0_202-b03) (build 1.8.0_202-release-1483-b03)
# Java VM: OpenJDK 64-Bit Server VM (25.202-b03 mixed mode windows-amd64 compressed oops)
Heap:
 PSYoungGen      total 159744K, used 32188K [0x00000000e0000000, 0x00000000ebf00000, 0x0000000100000000)
  eden space 142848K, 10% used [0x00000000e0000000,0x00000000e0ef3078,0x00000000e8b80000)
  from space 16896K, 99% used [0x00000000eae80000,0x00000000ebefbfe0,0x00000000ebf00000)
  to   space 15360K, 0% used [0x00000000e8b80000,0x00000000e8b80000,0x00000000e9a80000)
 ParOldGen       total 152064K, used 36698K [0x00000000a0000000, 0x00000000a9480000, 0x00000000e0000000)
  object space 152064K, 24% used [0x00000000a0000000,0x00000000a23d6a48,0x00000000a9480000)
 Metaspace       used 67380K, capacity 70194K, committed 70296K, reserved 1110016K
  class space    used 9246K, capacity 9812K, committed 9896K, reserved 1048576K
GC Heap History (10 events):
Event: 9.203 GC heap before
{Heap before GC invocations=13 (full 2):
 PSYoungGen      total 133120K, used 133119K [0x00000000e0000000, 0x00000000e9d00000, 0x0000000100000000)
  eden space 120832K, 100% used [0x00000000e0000000,0x00000000e7600000,0x00000000e7600000)
  from space 12288K, 99% used [0x00000000e9100000,0x00000000e9cffc68,0x00000000e9d00000)
  to   space 13824K, 0% used [0x00000000e8200000,0x00000000e8200000,0x00000000e8f80000)
 ParOldGen       total 100864K, used 19305K [0x00000000a0000000, 0x00000000a6280000, 0x00000000e0000000)
  object space 100864K, 19% used [0x00000000a0000000,0x00000000a12da608,0x00000000a6280000)
 Metaspace       used 55250K, capacity 56736K, committed 56872K, reserved 1097728K
  class space    used 7507K, capacity 7915K, committed 7976K, reserved 1048576K
Event: 9.217 GC heap after
Heap after GC invocations=13 (full 2):
 PSYoungGen      total 146944K, used 13449K [0x00000000e0000000, 0x00000000ea980000, 0x0000000100000000)
  eden space 133120K, 0% used [0x00000000e0000000,0x00000000e0000000,0x00000000e8200000)
  from space 13824K, 97% used [0x00000000e8200000,0x00000000e8f22438,0x00000000e8f80000)
  to   space 15360K, 0% used [0x00000000e9a80000,0x00000000e9a80000,0x00000000ea980000)
 ParOldGen       total 100864K, used 25605K [0x00000000a0000000, 0x00000000a6280000, 0x00000000e0000000)
  object space 100864K, 25% used [0x00000000a0000000,0x00000000a1901680,0x00000000a6280000)
 Metaspace       used 55250K, capacity 56736K, committed 56872K, reserved 1097728K
  class space    used 7507K, capacity 7915K, committed 7976K, reserved 1048576K
}
Event: 9.799 GC heap before
{Heap before GC invocations=14 (full 2):
 PSYoungGen      total 146944K, used 50835K [0x00000000e0000000, 0x00000000ea980000, 0x0000000100000000)
  eden space 133120K, 28% used [0x00000000e0000000,0x00000000e24829d8,0x00000000e8200000)
  from space 13824K, 97% used [0x00000000e8200000,0x00000000e8f22438,0x00000000e8f80000)
  to   space 15360K, 0% used [0x00000000e9a80000,0x00000000e9a80000,0x00000000ea980000)
 ParOldGen       total 100864K, used 25605K [0x00000000a0000000, 0x00000000a6280000, 0x00000000e0000000)
  object space 100864K, 25% used [0x00000000a0000000,0x00000000a1901680,0x00000000a6280000)
 Metaspace       used 57505K, capacity 59146K, committed 59160K, reserved 1099776K
  class space    used 7813K, capacity 8228K, committed 8232K, reserved 1048576K
Event: 9.806 GC heap after
Heap after GC invocations=14 (full 2):
 PSYoungGen      total 158208K, used 9597K [0x00000000e0000000, 0x00000000eb780000, 0x0000000100000000)
  eden space 142848K, 0% used [0x00000000e0000000,0x00000000e0000000,0x00000000e8b80000)
  from space 15360K, 62% used [0x00000000e9a80000,0x00000000ea3df528,0x00000000ea980000)
  to   space 15360K, 0% used [0x00000000e8b80000,0x00000000e8b80000,0x00000000e9a80000)
 ParOldGen       total 100864K, used 25613K [0x00000000a0000000, 0x00000000a6280000, 0x00000000e0000000)
  object space 100864K, 25% used [0x00000000a0000000,0x00000000a1903680,0x00000000a6280000)
 Metaspace       used 57505K, capacity 59146K, committed 59160K, reserved 1099776K
  class space    used 7813K, capacity 8228K, committed 8232K, reserved 1048576K
}
Event: 9.806 GC heap before
{Heap before GC invocations=15 (full 3):
 PSYoungGen      total 158208K, used 9597K [0x00000000e0000000, 0x00000000eb780000, 0x0000000100000000)
  eden space 142848K, 0% used [0x00000000e0000000,0x00000000e0000000,0x00000000e8b80000)
  from space 15360K, 62% used [0x00000000e9a80000,0x00000000ea3df528,0x00000000ea980000)
  to   space 15360K, 0% used [0x00000000e8b80000,0x00000000e8b80000,0x00000000e9a80000)
 ParOldGen       total 100864K, used 25613K [0x00000000a0000000, 0x00000000a6280000, 0x00000000e0000000)
  object space 100864K, 25% used [0x00000000a0000000,0x00000000a1903680,0x00000000a6280000)
 Metaspace       used 57505K, capacity 59146K, committed 59160K, reserved 1099776K
  class space    used 7813K, capacity 8228K, committed 8232K, reserved 1048576K
Event: 10.052 GC heap after
Heap after GC invocations=15 (full 3):
 PSYoungGen      total 158208K, used 0K [0x00000000e0000000, 0x00000000eb780000, 0x0000000100000000)
  eden space 142848K, 0% used [0x00000000e0000000,0x00000000e0000000,0x00000000e8b80000)
  from space 15360K, 0% used [0x00000000e9a80000,0x00000000e9a80000,0x00000000ea980000)
  to   space 15360K, 0% used [0x00000000e8b80000,0x00000000e8b80000,0x00000000e9a80000)
 ParOldGen       total 152064K, used 30849K [0x00000000a0000000, 0x00000000a9480000, 0x00000000e0000000)
  object space 152064K, 20% used [0x00000000a0000000,0x00000000a1e205e8,0x00000000a9480000)
 Metaspace       used 57505K, capacity 59146K, committed 59160K, reserved 1099776K
  class space    used 7813K, capacity 8228K, committed 8232K, reserved 1048576K
}
Event: 12.854 GC heap before
{Heap before GC invocations=16 (full 3):
 PSYoungGen      total 158208K, used 142848K [0x00000000e0000000, 0x00000000eb780000, 0x0000000100000000)
  eden space 142848K, 100% used [0x00000000e0000000,0x00000000e8b80000,0x00000000e8b80000)
  from space 15360K, 0% used [0x00000000e9a80000,0x00000000e9a80000,0x00000000ea980000)
  to   space 15360K, 0% used [0x00000000e8b80000,0x00000000e8b80000,0x00000000e9a80000)
 ParOldGen       total 152064K, used 30849K [0x00000000a0000000, 0x00000000a9480000, 0x00000000e0000000)
  object space 152064K, 20% used [0x00000000a0000000,0x00000000a1e205e8,0x00000000a9480000)
 Metaspace       used 61147K, capacity 63340K, committed 63640K, reserved 1103872K
  class space    used 8324K, capacity 8799K, committed 8872K, reserved 1048576K
Event: 12.872 GC heap after
Heap after GC invocations=16 (full 3):
 PSYoungGen      total 158208K, used 15267K [0x00000000e0000000, 0x00000000ebf00000, 0x0000000100000000)
  eden space 142848K, 0% used [0x00000000e0000000,0x00000000e0000000,0x00000000e8b80000)
  from space 15360K, 99% used [0x00000000e8b80000,0x00000000e9a68c00,0x00000000e9a80000)
  to   space 16896K, 0% used [0x00000000eae80000,0x00000000eae80000,0x00000000ebf00000)
 ParOldGen       total 152064K, used 30857K [0x00000000a0000000, 0x00000000a9480000, 0x00000000e0000000)
  object space 152064K, 20% used [0x00000000a0000000,0x00000000a1e225e8,0x00000000a9480000)
 Metaspace       used 61147K, capacity 63340K, committed 63640K, reserved 1103872K
  class space    used 8324K, capacity 8799K, committed 8872K, reserved 1048576K
}
Event: 14.536 GC heap before
{Heap before GC invocations=17 (full 3):
 PSYoungGen      total 158208K, used 158115K [0x00000000e0000000, 0x00000000ebf00000, 0x0000000100000000)
  eden space 142848K, 100% used [0x00000000e0000000,0x00000000e8b80000,0x00000000e8b80000)
  from space 15360K, 99% used [0x00000000e8b80000,0x00000000e9a68c00,0x00000000e9a80000)
  to   space 16896K, 0% used [0x00000000eae80000,0x00000000eae80000,0x00000000ebf00000)
 ParOldGen       total 152064K, used 30857K [0x00000000a0000000, 0x00000000a9480000, 0x00000000e0000000)
  object space 152064K, 20% used [0x00000000a0000000,0x00000000a1e225e8,0x00000000a9480000)
 Metaspace       used 67276K, capacity 70058K, committed 70296K, reserved 1110016K
  class space    used 9240K, capacity 9812K, committed 9896K, reserved 1048576K
Event: 14.563 GC heap after
Heap after GC invocations=17 (full 3):
 PSYoungGen      total 159744K, used 16879K [0x00000000e0000000, 0x00000000ebf00000, 0x0000000100000000)
  eden space 142848K, 0% used [0x00000000e0000000,0x00000000e0000000,0x00000000e8b80000)
  from space 16896K, 99% used [0x00000000eae80000,0x00000000ebefbfe0,0x00000000ebf00000)
  to   space 15360K, 0% used [0x00000000e8b80000,0x00000000e8b80000,0x00000000e9a80000)
 ParOldGen       total 152064K, used 36698K [0x00000000a0000000, 0x00000000a9480000, 0x00000000e0000000)
  object space 152064K, 24% used [0x00000000a0000000,0x00000000a23d6a48,0x00000000a9480000)
 Metaspace       used 67276K, capacity 70058K, committed 70296K, reserved 1110016K
  class space    used 9240K, capacity 9812K, committed 9896K, reserved 1048576K
}

